{"/home/kelson/Documentos/Future4/a/Semana 12/aula02/4eddit-G5-master/4eddit-G5/src/actions/comment.js": {"path":"/home/kelson/Documentos/Future4/a/Semana 12/aula02/4eddit-G5-master/4eddit-G5/src/actions/comment.js","statementMap":{"0":{"start":{"line":5,"column":29},"end":{"line":21,"column":1}},"1":{"start":{"line":5,"column":43},"end":{"line":21,"column":1}},"2":{"start":{"line":6,"column":18},"end":{"line":6,"column":54}},"3":{"start":{"line":7,"column":17},"end":{"line":9,"column":5}},"4":{"start":{"line":10,"column":16},"end":{"line":19,"column":2}},"5":{"start":{"line":12,"column":24},"end":{"line":12,"column":46}},"6":{"start":{"line":13,"column":8},"end":{"line":13,"column":52}},"7":{"start":{"line":14,"column":8},"end":{"line":14,"column":33}},"8":{"start":{"line":17,"column":20},"end":{"line":17,"column":40}},"9":{"start":{"line":18,"column":4},"end":{"line":18,"column":46}},"10":{"start":{"line":23,"column":27},"end":{"line":38,"column":1}},"11":{"start":{"line":23,"column":53},"end":{"line":38,"column":1}},"12":{"start":{"line":24,"column":18},"end":{"line":24,"column":54}},"13":{"start":{"line":25,"column":17},"end":{"line":27,"column":5}},"14":{"start":{"line":29,"column":16},"end":{"line":37,"column":6}},"15":{"start":{"line":31,"column":8},"end":{"line":31,"column":33}},"16":{"start":{"line":32,"column":24},"end":{"line":32,"column":43}},"17":{"start":{"line":33,"column":8},"end":{"line":33,"column":52}},"18":{"start":{"line":35,"column":24},"end":{"line":35,"column":41}},"19":{"start":{"line":36,"column":8},"end":{"line":36,"column":50}}},"fnMap":{"0":{"name":"(anonymous_0)","decl":{"start":{"line":5,"column":29},"end":{"line":5,"column":30}},"loc":{"start":{"line":5,"column":43},"end":{"line":21,"column":1}},"line":5},"1":{"name":"(anonymous_1)","decl":{"start":{"line":5,"column":43},"end":{"line":5,"column":44}},"loc":{"start":{"line":5,"column":63},"end":{"line":21,"column":1}},"line":5},"2":{"name":"(anonymous_2)","decl":{"start":{"line":11,"column":11},"end":{"line":11,"column":12}},"loc":{"start":{"line":11,"column":20},"end":{"line":16,"column":5}},"line":11},"3":{"name":"(anonymous_3)","decl":{"start":{"line":16,"column":14},"end":{"line":16,"column":15}},"loc":{"start":{"line":16,"column":23},"end":{"line":19,"column":1}},"line":16},"4":{"name":"(anonymous_4)","decl":{"start":{"line":23,"column":27},"end":{"line":23,"column":28}},"loc":{"start":{"line":23,"column":53},"end":{"line":38,"column":1}},"line":23},"5":{"name":"(anonymous_5)","decl":{"start":{"line":23,"column":53},"end":{"line":23,"column":54}},"loc":{"start":{"line":23,"column":73},"end":{"line":38,"column":1}},"line":23},"6":{"name":"(anonymous_6)","decl":{"start":{"line":30,"column":12},"end":{"line":30,"column":13}},"loc":{"start":{"line":30,"column":21},"end":{"line":34,"column":5}},"line":30},"7":{"name":"(anonymous_7)","decl":{"start":{"line":34,"column":13},"end":{"line":34,"column":14}},"loc":{"start":{"line":34,"column":22},"end":{"line":37,"column":5}},"line":34}},"branchMap":{},"s":{"0":1,"1":0,"2":0,"3":0,"4":0,"5":0,"6":0,"7":0,"8":0,"9":0,"10":1,"11":0,"12":0,"13":0,"14":0,"15":0,"16":0,"17":0,"18":0,"19":0},"f":{"0":0,"1":0,"2":0,"3":0,"4":0,"5":0,"6":0,"7":0},"b":{},"_coverageSchema":"43e27e138ebf9cfc5966b082cf9a028302ed4184","hash":"2a7eb8323c53ace230b81401032caa73e0315c00"}
,"/home/kelson/Documentos/Future4/a/Semana 12/aula02/4eddit-G5-master/4eddit-G5/src/actions/signup.js": {"path":"/home/kelson/Documentos/Future4/a/Semana 12/aula02/4eddit-G5-master/4eddit-G5/src/actions/signup.js","statementMap":{"0":{"start":{"line":6,"column":29},"end":{"line":24,"column":1}},"1":{"start":{"line":6,"column":39},"end":{"line":24,"column":1}},"2":{"start":{"line":8,"column":4},"end":{"line":23,"column":5}},"3":{"start":{"line":9,"column":8},"end":{"line":11,"column":13}},"4":{"start":{"line":13,"column":8},"end":{"line":13,"column":61}},"5":{"start":{"line":14,"column":8},"end":{"line":14,"column":25}},"6":{"start":{"line":15,"column":8},"end":{"line":15,"column":63}},"7":{"start":{"line":16,"column":8},"end":{"line":16,"column":35}},"8":{"start":{"line":17,"column":24},"end":{"line":17,"column":55}},"9":{"start":{"line":18,"column":8},"end":{"line":18,"column":52}},"10":{"start":{"line":21,"column":24},"end":{"line":21,"column":43}},"11":{"start":{"line":22,"column":8},"end":{"line":22,"column":50}}},"fnMap":{"0":{"name":"(anonymous_0)","decl":{"start":{"line":6,"column":29},"end":{"line":6,"column":30}},"loc":{"start":{"line":6,"column":39},"end":{"line":24,"column":1}},"line":6},"1":{"name":"(anonymous_1)","decl":{"start":{"line":6,"column":39},"end":{"line":6,"column":40}},"loc":{"start":{"line":6,"column":59},"end":{"line":24,"column":1}},"line":6}},"branchMap":{},"s":{"0":1,"1":1,"2":1,"3":1,"4":1,"5":0,"6":0,"7":0,"8":0,"9":0,"10":1,"11":1},"f":{"0":1,"1":1},"b":{},"_coverageSchema":"43e27e138ebf9cfc5966b082cf9a028302ed4184","hash":"c4d92a7a7633e361636f010837ef288a57ecd639"}
,"/home/kelson/Documentos/Future4/a/Semana 12/aula02/4eddit-G5-master/4eddit-G5/src/components/createPost.js": {"path":"/home/kelson/Documentos/Future4/a/Semana 12/aula02/4eddit-G5-master/4eddit-G5/src/components/createPost.js","statementMap":{"0":{"start":{"line":10,"column":19},"end":{"line":15,"column":1}},"1":{"start":{"line":17,"column":21},"end":{"line":20,"column":1}},"2":{"start":{"line":22,"column":25},"end":{"line":25,"column":1}},"3":{"start":{"line":27,"column":25},"end":{"line":29,"column":1}},"4":{"start":{"line":34,"column":8},"end":{"line":34,"column":21}},"5":{"start":{"line":35,"column":8},"end":{"line":38,"column":10}},"6":{"start":{"line":41,"column":24},"end":{"line":45,"column":5}},"7":{"start":{"line":42,"column":8},"end":{"line":44,"column":11}},"8":{"start":{"line":47,"column":17},"end":{"line":53,"column":5}},"9":{"start":{"line":48,"column":32},"end":{"line":48,"column":42}},"10":{"start":{"line":49,"column":31},"end":{"line":49,"column":41}},"11":{"start":{"line":51,"column":8},"end":{"line":51,"column":32}},"12":{"start":{"line":52,"column":8},"end":{"line":52,"column":45}},"13":{"start":{"line":56,"column":32},"end":{"line":56,"column":42}},"14":{"start":{"line":58,"column":8},"end":{"line":84,"column":10}},"15":{"start":{"line":89,"column":4},"end":{"line":91,"column":5}},"16":{"start":{"line":90,"column":37},"end":{"line":90,"column":70}}},"fnMap":{"0":{"name":"(anonymous_0)","decl":{"start":{"line":33,"column":4},"end":{"line":33,"column":5}},"loc":{"start":{"line":33,"column":23},"end":{"line":39,"column":5}},"line":33},"1":{"name":"(anonymous_1)","decl":{"start":{"line":41,"column":24},"end":{"line":41,"column":25}},"loc":{"start":{"line":41,"column":33},"end":{"line":45,"column":5}},"line":41},"2":{"name":"(anonymous_2)","decl":{"start":{"line":47,"column":17},"end":{"line":47,"column":18}},"loc":{"start":{"line":47,"column":23},"end":{"line":53,"column":5}},"line":47},"3":{"name":"(anonymous_3)","decl":{"start":{"line":55,"column":4},"end":{"line":55,"column":5}},"loc":{"start":{"line":55,"column":13},"end":{"line":85,"column":5}},"line":55},"4":{"name":"mapDispatchToProps","decl":{"start":{"line":88,"column":9},"end":{"line":88,"column":27}},"loc":{"start":{"line":88,"column":38},"end":{"line":92,"column":1}},"line":88},"5":{"name":"(anonymous_5)","decl":{"start":{"line":90,"column":20},"end":{"line":90,"column":21}},"loc":{"start":{"line":90,"column":37},"end":{"line":90,"column":70}},"line":90}},"branchMap":{},"s":{"0":1,"1":1,"2":1,"3":1,"4":0,"5":0,"6":0,"7":0,"8":0,"9":0,"10":0,"11":0,"12":0,"13":0,"14":0,"15":0,"16":0},"f":{"0":0,"1":0,"2":0,"3":0,"4":0,"5":0},"b":{},"_coverageSchema":"43e27e138ebf9cfc5966b082cf9a028302ed4184","hash":"5784f3ce47039524b692095b21d1a2e8cefa7e7f"}
,"/home/kelson/Documentos/Future4/a/Semana 12/aula02/4eddit-G5-master/4eddit-G5/src/components/protectRoute.js": {"path":"/home/kelson/Documentos/Future4/a/Semana 12/aula02/4eddit-G5-master/4eddit-G5/src/components/protectRoute.js","statementMap":{"0":{"start":{"line":13,"column":22},"end":{"line":13,"column":58}},"1":{"start":{"line":15,"column":23},"end":{"line":15,"column":88}},"2":{"start":{"line":17,"column":23},"end":{"line":17,"column":92}},"3":{"start":{"line":19,"column":8},"end":{"line":26,"column":9}},"4":{"start":{"line":20,"column":12},"end":{"line":20,"column":32}},"5":{"start":{"line":22,"column":12},"end":{"line":25,"column":39}},"6":{"start":{"line":25,"column":20},"end":{"line":25,"column":39}},"7":{"start":{"line":28,"column":8},"end":{"line":32,"column":9}},"8":{"start":{"line":37,"column":24},"end":{"line":38,"column":2}},"9":{"start":{"line":37,"column":34},"end":{"line":38,"column":1}},"10":{"start":{"line":40,"column":27},"end":{"line":43,"column":2}},"11":{"start":{"line":40,"column":40},"end":{"line":43,"column":1}},"12":{"start":{"line":41,"column":19},"end":{"line":41,"column":47}},"13":{"start":{"line":42,"column":18},"end":{"line":42,"column":45}}},"fnMap":{"0":{"name":"(anonymous_0)","decl":{"start":{"line":12,"column":4},"end":{"line":12,"column":5}},"loc":{"start":{"line":12,"column":12},"end":{"line":33,"column":5}},"line":12},"1":{"name":"(anonymous_1)","decl":{"start":{"line":37,"column":24},"end":{"line":37,"column":25}},"loc":{"start":{"line":37,"column":34},"end":{"line":38,"column":1}},"line":37},"2":{"name":"(anonymous_2)","decl":{"start":{"line":40,"column":27},"end":{"line":40,"column":28}},"loc":{"start":{"line":40,"column":40},"end":{"line":43,"column":1}},"line":40},"3":{"name":"(anonymous_3)","decl":{"start":{"line":41,"column":13},"end":{"line":41,"column":14}},"loc":{"start":{"line":41,"column":19},"end":{"line":41,"column":47}},"line":41},"4":{"name":"(anonymous_4)","decl":{"start":{"line":42,"column":12},"end":{"line":42,"column":13}},"loc":{"start":{"line":42,"column":18},"end":{"line":42,"column":45}},"line":42}},"branchMap":{"0":{"loc":{"start":{"line":17,"column":23},"end":{"line":17,"column":92}},"type":"binary-expr","locations":[{"start":{"line":17,"column":23},"end":{"line":17,"column":55}},{"start":{"line":17,"column":59},"end":{"line":17,"column":92}}],"line":17},"1":{"loc":{"start":{"line":19,"column":8},"end":{"line":26,"column":9}},"type":"if","locations":[{"start":{"line":19,"column":8},"end":{"line":26,"column":9}},{"start":{"line":19,"column":8},"end":{"line":26,"column":9}}],"line":19},"2":{"loc":{"start":{"line":19,"column":12},"end":{"line":19,"column":35}},"type":"binary-expr","locations":[{"start":{"line":19,"column":12},"end":{"line":19,"column":26}},{"start":{"line":19,"column":30},"end":{"line":19,"column":35}}],"line":19},"3":{"loc":{"start":{"line":22,"column":12},"end":{"line":25,"column":39}},"type":"if","locations":[{"start":{"line":22,"column":12},"end":{"line":25,"column":39}},{"start":{"line":22,"column":12},"end":{"line":25,"column":39}}],"line":22},"4":{"loc":{"start":{"line":22,"column":16},"end":{"line":24,"column":30}},"type":"binary-expr","locations":[{"start":{"line":22,"column":17},"end":{"line":22,"column":49}},{"start":{"line":23,"column":16},"end":{"line":23,"column":49}},{"start":{"line":24,"column":16},"end":{"line":24,"column":30}}],"line":22}},"s":{"0":0,"1":0,"2":0,"3":0,"4":0,"5":0,"6":0,"7":0,"8":1,"9":0,"10":1,"11":0,"12":0,"13":0},"f":{"0":0,"1":0,"2":0,"3":0,"4":0},"b":{"0":[0,0],"1":[0,0],"2":[0,0],"3":[0,0],"4":[0,0,0]},"_coverageSchema":"43e27e138ebf9cfc5966b082cf9a028302ed4184","hash":"3774115603f6d671af45cd77b223a50a4e60c0d6"}
,"/home/kelson/Documentos/Future4/a/Semana 12/aula02/4eddit-G5-master/4eddit-G5/src/components/CreateNewComment/index.js": {"path":"/home/kelson/Documentos/Future4/a/Semana 12/aula02/4eddit-G5-master/4eddit-G5/src/components/CreateNewComment/index.js","statementMap":{"0":{"start":{"line":8,"column":22},"end":{"line":13,"column":1}},"1":{"start":{"line":15,"column":24},"end":{"line":17,"column":1}},"2":{"start":{"line":21,"column":8},"end":{"line":21,"column":21}},"3":{"start":{"line":22,"column":8},"end":{"line":24,"column":10}},"4":{"start":{"line":27,"column":24},"end":{"line":31,"column":5}},"5":{"start":{"line":28,"column":8},"end":{"line":30,"column":11}},"6":{"start":{"line":33,"column":20},"end":{"line":39,"column":5}},"7":{"start":{"line":34,"column":25},"end":{"line":34,"column":35}},"8":{"start":{"line":35,"column":38},"end":{"line":35,"column":48}},"9":{"start":{"line":37,"column":8},"end":{"line":37,"column":32}},"10":{"start":{"line":38,"column":8},"end":{"line":38,"column":45}},"11":{"start":{"line":42,"column":25},"end":{"line":42,"column":35}},"12":{"start":{"line":44,"column":8},"end":{"line":57,"column":10}},"13":{"start":{"line":62,"column":4},"end":{"line":64,"column":5}},"14":{"start":{"line":63,"column":37},"end":{"line":63,"column":70}}},"fnMap":{"0":{"name":"(anonymous_0)","decl":{"start":{"line":20,"column":4},"end":{"line":20,"column":5}},"loc":{"start":{"line":20,"column":23},"end":{"line":25,"column":5}},"line":20},"1":{"name":"(anonymous_1)","decl":{"start":{"line":27,"column":24},"end":{"line":27,"column":25}},"loc":{"start":{"line":27,"column":33},"end":{"line":31,"column":5}},"line":27},"2":{"name":"(anonymous_2)","decl":{"start":{"line":33,"column":20},"end":{"line":33,"column":21}},"loc":{"start":{"line":33,"column":26},"end":{"line":39,"column":5}},"line":33},"3":{"name":"(anonymous_3)","decl":{"start":{"line":41,"column":4},"end":{"line":41,"column":5}},"loc":{"start":{"line":41,"column":13},"end":{"line":58,"column":5}},"line":41},"4":{"name":"mapDispatchToProps","decl":{"start":{"line":61,"column":9},"end":{"line":61,"column":27}},"loc":{"start":{"line":61,"column":38},"end":{"line":65,"column":1}},"line":61},"5":{"name":"(anonymous_5)","decl":{"start":{"line":63,"column":23},"end":{"line":63,"column":24}},"loc":{"start":{"line":63,"column":37},"end":{"line":63,"column":70}},"line":63}},"branchMap":{},"s":{"0":1,"1":1,"2":0,"3":0,"4":0,"5":0,"6":0,"7":0,"8":0,"9":0,"10":0,"11":0,"12":0,"13":0,"14":0},"f":{"0":0,"1":0,"2":0,"3":0,"4":0,"5":0},"b":{},"_coverageSchema":"43e27e138ebf9cfc5966b082cf9a028302ed4184","hash":"b87d427bfcdfc189172c7294e8a4d657a36224e1"}
,"/home/kelson/Documentos/Future4/a/Semana 12/aula02/4eddit-G5-master/4eddit-G5/src/containers/Router/index.js": {"path":"/home/kelson/Documentos/Future4/a/Semana 12/aula02/4eddit-G5-master/4eddit-G5/src/containers/Router/index.js","statementMap":{"0":{"start":{"line":10,"column":22},"end":{"line":15,"column":1}},"1":{"start":{"line":18,"column":2},"end":{"line":27,"column":4}}},"fnMap":{"0":{"name":"Router","decl":{"start":{"line":17,"column":9},"end":{"line":17,"column":15}},"loc":{"start":{"line":17,"column":23},"end":{"line":28,"column":1}},"line":17}},"branchMap":{},"s":{"0":1,"1":0},"f":{"0":0},"b":{},"_coverageSchema":"43e27e138ebf9cfc5966b082cf9a028302ed4184","hash":"a2afee7551bf3f144a65eed710232ef7daa33ec6"}
,"/home/kelson/Documentos/Future4/a/Semana 12/aula02/4eddit-G5-master/4eddit-G5/src/containers/SignUpPage/index.js": {"path":"/home/kelson/Documentos/Future4/a/Semana 12/aula02/4eddit-G5-master/4eddit-G5/src/containers/SignUpPage/index.js","statementMap":{"0":{"start":{"line":11,"column":20},"end":{"line":13,"column":1}},"1":{"start":{"line":15,"column":21},"end":{"line":22,"column":1}},"2":{"start":{"line":24,"column":18},"end":{"line":27,"column":1}},"3":{"start":{"line":31,"column":4},"end":{"line":31,"column":17}},"4":{"start":{"line":32,"column":4},"end":{"line":36,"column":6}},"5":{"start":{"line":39,"column":22},"end":{"line":43,"column":3}},"6":{"start":{"line":40,"column":4},"end":{"line":42,"column":7}},"7":{"start":{"line":45,"column":11},"end":{"line":58,"column":3}},"8":{"start":{"line":46,"column":42},"end":{"line":46,"column":52}},"9":{"start":{"line":47,"column":30},"end":{"line":47,"column":40}},"10":{"start":{"line":49,"column":17},"end":{"line":53,"column":5}},"11":{"start":{"line":55,"column":4},"end":{"line":55,"column":24}},"12":{"start":{"line":57,"column":4},"end":{"line":57,"column":58}},"13":{"start":{"line":61,"column":42},"end":{"line":61,"column":52}},"14":{"start":{"line":63,"column":4},"end":{"line":91,"column":6}},"15":{"start":{"line":96,"column":2},"end":{"line":98,"column":3}},"16":{"start":{"line":97,"column":29},"end":{"line":97,"column":58}}},"fnMap":{"0":{"name":"(anonymous_0)","decl":{"start":{"line":30,"column":2},"end":{"line":30,"column":3}},"loc":{"start":{"line":30,"column":21},"end":{"line":37,"column":3}},"line":30},"1":{"name":"(anonymous_1)","decl":{"start":{"line":39,"column":22},"end":{"line":39,"column":23}},"loc":{"start":{"line":39,"column":31},"end":{"line":43,"column":3}},"line":39},"2":{"name":"(anonymous_2)","decl":{"start":{"line":45,"column":11},"end":{"line":45,"column":12}},"loc":{"start":{"line":45,"column":17},"end":{"line":58,"column":3}},"line":45},"3":{"name":"(anonymous_3)","decl":{"start":{"line":60,"column":2},"end":{"line":60,"column":3}},"loc":{"start":{"line":60,"column":11},"end":{"line":92,"column":3}},"line":60},"4":{"name":"mapDispatchToProps","decl":{"start":{"line":95,"column":9},"end":{"line":95,"column":27}},"loc":{"start":{"line":95,"column":37},"end":{"line":99,"column":1}},"line":95},"5":{"name":"(anonymous_5)","decl":{"start":{"line":97,"column":19},"end":{"line":97,"column":20}},"loc":{"start":{"line":97,"column":29},"end":{"line":97,"column":58}},"line":97}},"branchMap":{},"s":{"0":1,"1":1,"2":1,"3":0,"4":0,"5":0,"6":0,"7":0,"8":0,"9":0,"10":0,"11":0,"12":0,"13":0,"14":0,"15":0,"16":0},"f":{"0":0,"1":0,"2":0,"3":0,"4":0,"5":0},"b":{},"_coverageSchema":"43e27e138ebf9cfc5966b082cf9a028302ed4184","hash":"f461dff81f7912ac031677a42dfd23bf541bca4f"}
}
