TN:
SF:/home/kelson/Documentos/Future4/a/Semana 12/aula02/4eddit-G5-master/4eddit-G5/src/actions/comment.js
FN:5,(anonymous_0)
FN:5,(anonymous_1)
FN:11,(anonymous_2)
FN:16,(anonymous_3)
FN:23,(anonymous_4)
FN:23,(anonymous_5)
FN:30,(anonymous_6)
FN:34,(anonymous_7)
FNF:8
FNH:0
FNDA:0,(anonymous_0)
FNDA:0,(anonymous_1)
FNDA:0,(anonymous_2)
FNDA:0,(anonymous_3)
FNDA:0,(anonymous_4)
FNDA:0,(anonymous_5)
FNDA:0,(anonymous_6)
FNDA:0,(anonymous_7)
DA:5,1
DA:6,0
DA:7,0
DA:10,0
DA:12,0
DA:13,0
DA:14,0
DA:17,0
DA:18,0
DA:23,1
DA:24,0
DA:25,0
DA:29,0
DA:31,0
DA:32,0
DA:33,0
DA:35,0
DA:36,0
LF:18
LH:2
BRF:0
BRH:0
end_of_record
TN:
SF:/home/kelson/Documentos/Future4/a/Semana 12/aula02/4eddit-G5-master/4eddit-G5/src/actions/signup.js
FN:6,(anonymous_0)
FN:6,(anonymous_1)
FNF:2
FNH:2
FNDA:1,(anonymous_0)
FNDA:1,(anonymous_1)
DA:6,1
DA:8,1
DA:9,1
DA:13,1
DA:14,0
DA:15,0
DA:16,0
DA:17,0
DA:18,0
DA:21,1
DA:22,1
LF:11
LH:6
BRF:0
BRH:0
end_of_record
TN:
SF:/home/kelson/Documentos/Future4/a/Semana 12/aula02/4eddit-G5-master/4eddit-G5/src/components/createPost.js
FN:33,(anonymous_0)
FN:41,(anonymous_1)
FN:47,(anonymous_2)
FN:55,(anonymous_3)
FN:88,mapDispatchToProps
FN:90,(anonymous_5)
FNF:6
FNH:0
FNDA:0,(anonymous_0)
FNDA:0,(anonymous_1)
FNDA:0,(anonymous_2)
FNDA:0,(anonymous_3)
FNDA:0,mapDispatchToProps
FNDA:0,(anonymous_5)
DA:10,1
DA:17,1
DA:22,1
DA:27,1
DA:34,0
DA:35,0
DA:41,0
DA:42,0
DA:47,0
DA:48,0
DA:49,0
DA:51,0
DA:52,0
DA:56,0
DA:58,0
DA:89,0
DA:90,0
LF:17
LH:4
BRF:0
BRH:0
end_of_record
TN:
SF:/home/kelson/Documentos/Future4/a/Semana 12/aula02/4eddit-G5-master/4eddit-G5/src/components/protectRoute.js
FN:12,(anonymous_0)
FN:37,(anonymous_1)
FN:40,(anonymous_2)
FN:41,(anonymous_3)
FN:42,(anonymous_4)
FNF:5
FNH:0
FNDA:0,(anonymous_0)
FNDA:0,(anonymous_1)
FNDA:0,(anonymous_2)
FNDA:0,(anonymous_3)
FNDA:0,(anonymous_4)
DA:13,0
DA:15,0
DA:17,0
DA:19,0
DA:20,0
DA:22,0
DA:25,0
DA:28,0
DA:37,1
DA:40,1
DA:41,0
DA:42,0
LF:12
LH:2
BRDA:17,0,0,0
BRDA:17,0,1,0
BRDA:19,1,0,0
BRDA:19,1,1,0
BRDA:19,2,0,0
BRDA:19,2,1,0
BRDA:22,3,0,0
BRDA:22,3,1,0
BRDA:22,4,0,0
BRDA:22,4,1,0
BRDA:22,4,2,0
BRF:11
BRH:0
end_of_record
TN:
SF:/home/kelson/Documentos/Future4/a/Semana 12/aula02/4eddit-G5-master/4eddit-G5/src/components/CreateNewComment/index.js
FN:20,(anonymous_0)
FN:27,(anonymous_1)
FN:33,(anonymous_2)
FN:41,(anonymous_3)
FN:61,mapDispatchToProps
FN:63,(anonymous_5)
FNF:6
FNH:0
FNDA:0,(anonymous_0)
FNDA:0,(anonymous_1)
FNDA:0,(anonymous_2)
FNDA:0,(anonymous_3)
FNDA:0,mapDispatchToProps
FNDA:0,(anonymous_5)
DA:8,1
DA:15,1
DA:21,0
DA:22,0
DA:27,0
DA:28,0
DA:33,0
DA:34,0
DA:35,0
DA:37,0
DA:38,0
DA:42,0
DA:44,0
DA:62,0
DA:63,0
LF:15
LH:2
BRF:0
BRH:0
end_of_record
TN:
SF:/home/kelson/Documentos/Future4/a/Semana 12/aula02/4eddit-G5-master/4eddit-G5/src/containers/Router/index.js
FN:17,Router
FNF:1
FNH:0
FNDA:0,Router
DA:10,1
DA:18,0
LF:2
LH:1
BRF:0
BRH:0
end_of_record
TN:
SF:/home/kelson/Documentos/Future4/a/Semana 12/aula02/4eddit-G5-master/4eddit-G5/src/containers/SignUpPage/index.js
FN:30,(anonymous_0)
FN:39,(anonymous_1)
FN:45,(anonymous_2)
FN:60,(anonymous_3)
FN:95,mapDispatchToProps
FN:97,(anonymous_5)
FNF:6
FNH:0
FNDA:0,(anonymous_0)
FNDA:0,(anonymous_1)
FNDA:0,(anonymous_2)
FNDA:0,(anonymous_3)
FNDA:0,mapDispatchToProps
FNDA:0,(anonymous_5)
DA:11,1
DA:15,1
DA:24,1
DA:31,0
DA:32,0
DA:39,0
DA:40,0
DA:45,0
DA:46,0
DA:47,0
DA:49,0
DA:55,0
DA:57,0
DA:61,0
DA:63,0
DA:96,0
DA:97,0
LF:17
LH:3
BRF:0
BRH:0
end_of_record
