{"/home/kelson/Documentos/Future4/a/Semana 12/aula4/planner-boilerplate/src/index.js": {"path":"/home/kelson/Documentos/Future4/a/Semana 12/aula4/planner-boilerplate/src/index.js","statementMap":{"0":{"start":{"line":5,"column":20},"end":{"line":5,"column":51}},"1":{"start":{"line":6,"column":0},"end":{"line":6,"column":38}}},"fnMap":{},"branchMap":{},"s":{"0":0,"1":0},"f":{},"b":{},"hash":"da2f7d64dce904a7ad3a0744e1436d8262334110"}
,"/home/kelson/Documentos/Future4/a/Semana 12/aula4/planner-boilerplate/src/actions/createNewPlan.js": {"path":"/home/kelson/Documentos/Future4/a/Semana 12/aula4/planner-boilerplate/src/actions/createNewPlan.js","statementMap":{"0":{"start":{"line":4,"column":30},"end":{"line":9,"column":1}},"1":{"start":{"line":4,"column":38},"end":{"line":9,"column":1}},"2":{"start":{"line":5,"column":16},"end":{"line":5,"column":117}},"3":{"start":{"line":7,"column":4},"end":{"line":8,"column":30}},"4":{"start":{"line":8,"column":8},"end":{"line":8,"column":30}}},"fnMap":{"0":{"name":"(anonymous_0)","decl":{"start":{"line":4,"column":30},"end":{"line":4,"column":31}},"loc":{"start":{"line":4,"column":38},"end":{"line":9,"column":1}},"line":4},"1":{"name":"(anonymous_1)","decl":{"start":{"line":4,"column":38},"end":{"line":4,"column":39}},"loc":{"start":{"line":4,"column":56},"end":{"line":9,"column":1}},"line":4}},"branchMap":{"0":{"loc":{"start":{"line":7,"column":4},"end":{"line":8,"column":30}},"type":"if","locations":[{"start":{"line":7,"column":4},"end":{"line":8,"column":30}},{"start":{"line":7,"column":4},"end":{"line":8,"column":30}}],"line":7}},"s":{"0":3,"1":2,"2":2,"3":2,"4":1},"f":{"0":2,"1":2},"b":{"0":[1,1]},"_coverageSchema":"43e27e138ebf9cfc5966b082cf9a028302ed4184","hash":"6e8d508fc2acb630e0b592b5da70bee5b2655852"}
,"/home/kelson/Documentos/Future4/a/Semana 12/aula4/planner-boilerplate/src/actions/setPlannes.js": {"path":"/home/kelson/Documentos/Future4/a/Semana 12/aula4/planner-boilerplate/src/actions/setPlannes.js","statementMap":{"0":{"start":{"line":3,"column":26},"end":{"line":7,"column":1}},"1":{"start":{"line":3,"column":32},"end":{"line":7,"column":1}},"2":{"start":{"line":4,"column":16},"end":{"line":4,"column":110}},"3":{"start":{"line":5,"column":4},"end":{"line":6,"column":38}},"4":{"start":{"line":6,"column":8},"end":{"line":6,"column":38}},"5":{"start":{"line":9,"column":26},"end":{"line":32,"column":1}},"6":{"start":{"line":10,"column":17},"end":{"line":18,"column":5}},"7":{"start":{"line":19,"column":4},"end":{"line":19,"column":24}},"8":{"start":{"line":21,"column":25},"end":{"line":21,"column":27}},"9":{"start":{"line":22,"column":4},"end":{"line":25,"column":5}},"10":{"start":{"line":24,"column":8},"end":{"line":24,"column":71}},"11":{"start":{"line":24,"column":53},"end":{"line":24,"column":69}},"12":{"start":{"line":28,"column":4},"end":{"line":31,"column":6}}},"fnMap":{"0":{"name":"(anonymous_0)","decl":{"start":{"line":3,"column":26},"end":{"line":3,"column":27}},"loc":{"start":{"line":3,"column":32},"end":{"line":7,"column":1}},"line":3},"1":{"name":"(anonymous_1)","decl":{"start":{"line":3,"column":32},"end":{"line":3,"column":33}},"loc":{"start":{"line":3,"column":50},"end":{"line":7,"column":1}},"line":3},"2":{"name":"(anonymous_2)","decl":{"start":{"line":9,"column":26},"end":{"line":9,"column":27}},"loc":{"start":{"line":9,"column":41},"end":{"line":32,"column":1}},"line":9},"3":{"name":"(anonymous_3)","decl":{"start":{"line":24,"column":44},"end":{"line":24,"column":45}},"loc":{"start":{"line":24,"column":53},"end":{"line":24,"column":69}},"line":24}},"branchMap":{"0":{"loc":{"start":{"line":5,"column":4},"end":{"line":6,"column":38}},"type":"if","locations":[{"start":{"line":5,"column":4},"end":{"line":6,"column":38}},{"start":{"line":5,"column":4},"end":{"line":6,"column":38}}],"line":5},"1":{"loc":{"start":{"line":9,"column":27},"end":{"line":9,"column":37}},"type":"default-arg","locations":[{"start":{"line":9,"column":35},"end":{"line":9,"column":37}}],"line":9}},"s":{"0":5,"1":5,"2":4,"3":4,"4":2,"5":5,"6":6,"7":6,"8":6,"9":6,"10":42,"11":28,"12":6},"f":{"0":5,"1":4,"2":6,"3":28},"b":{"0":[2,2],"1":[5]},"_coverageSchema":"43e27e138ebf9cfc5966b082cf9a028302ed4184","hash":"a6596e759c93c4c7cc39799d9e8784fb8d2bb021"}
,"/home/kelson/Documentos/Future4/a/Semana 12/aula4/planner-boilerplate/src/containers/App/index.js": {"path":"/home/kelson/Documentos/Future4/a/Semana 12/aula4/planner-boilerplate/src/containers/App/index.js","statementMap":{"0":{"start":{"line":11,"column":20},"end":{"line":16,"column":1}},"1":{"start":{"line":15,"column":11},"end":{"line":15,"column":12}},"2":{"start":{"line":18,"column":21},"end":{"line":18,"column":70}},"3":{"start":{"line":20,"column":19},"end":{"line":27,"column":1}},"4":{"start":{"line":21,"column":2},"end":{"line":26,"column":13}}},"fnMap":{"0":{"name":"(anonymous_0)","decl":{"start":{"line":15,"column":6},"end":{"line":15,"column":7}},"loc":{"start":{"line":15,"column":11},"end":{"line":15,"column":12}},"line":15},"1":{"name":"(anonymous_1)","decl":{"start":{"line":20,"column":19},"end":{"line":20,"column":20}},"loc":{"start":{"line":21,"column":2},"end":{"line":26,"column":13}},"line":21}},"branchMap":{"0":{"loc":{"start":{"line":13,"column":2},"end":{"line":15,"column":12}},"type":"cond-expr","locations":[{"start":{"line":14,"column":6},"end":{"line":14,"column":43}},{"start":{"line":15,"column":6},"end":{"line":15,"column":12}}],"line":13}},"s":{"0":1,"1":1,"2":1,"3":1,"4":0},"f":{"0":1,"1":0},"b":{"0":[0,1]},"_coverageSchema":"43e27e138ebf9cfc5966b082cf9a028302ed4184","hash":"e61e7b742e8f5cb0dc4b79a171773db4d75dbd7b"}
,"/home/kelson/Documentos/Future4/a/Semana 12/aula4/planner-boilerplate/src/containers/Planner/index.js": {"path":"/home/kelson/Documentos/Future4/a/Semana 12/aula4/planner-boilerplate/src/containers/Planner/index.js","statementMap":{"0":{"start":{"line":8,"column":4},"end":{"line":13,"column":5}}},"fnMap":{"0":{"name":"(anonymous_0)","decl":{"start":{"line":7,"column":2},"end":{"line":7,"column":3}},"loc":{"start":{"line":7,"column":11},"end":{"line":14,"column":3}},"line":7}},"branchMap":{},"s":{"0":1},"f":{"0":1},"b":{},"_coverageSchema":"43e27e138ebf9cfc5966b082cf9a028302ed4184","hash":"a919d16aa0f41cb5e725740839900eacef854378"}
,"/home/kelson/Documentos/Future4/a/Semana 12/aula4/planner-boilerplate/src/containers/Plannes/plannes.js": {"path":"/home/kelson/Documentos/Future4/a/Semana 12/aula4/planner-boilerplate/src/containers/Plannes/plannes.js","statementMap":{"0":{"start":{"line":14,"column":8},"end":{"line":14,"column":20}},"1":{"start":{"line":25,"column":26},"end":{"line":25,"column":36}},"2":{"start":{"line":27,"column":8},"end":{"line":54,"column":9}},"3":{"start":{"line":58,"column":24},"end":{"line":66,"column":2}},"4":{"start":{"line":58,"column":34},"end":{"line":66,"column":1}},"5":{"start":{"line":68,"column":27},"end":{"line":70,"column":2}},"6":{"start":{"line":68,"column":40},"end":{"line":70,"column":1}},"7":{"start":{"line":69,"column":22},"end":{"line":69,"column":42}}},"fnMap":{"0":{"name":"(anonymous_0)","decl":{"start":{"line":13,"column":4},"end":{"line":13,"column":5}},"loc":{"start":{"line":13,"column":23},"end":{"line":15,"column":5}},"line":13},"1":{"name":"(anonymous_1)","decl":{"start":{"line":17,"column":4},"end":{"line":17,"column":5}},"loc":{"start":{"line":17,"column":12},"end":{"line":55,"column":5}},"line":17},"2":{"name":"(anonymous_2)","decl":{"start":{"line":58,"column":24},"end":{"line":58,"column":25}},"loc":{"start":{"line":58,"column":34},"end":{"line":66,"column":1}},"line":58},"3":{"name":"(anonymous_3)","decl":{"start":{"line":68,"column":27},"end":{"line":68,"column":28}},"loc":{"start":{"line":68,"column":40},"end":{"line":70,"column":1}},"line":68},"4":{"name":"(anonymous_4)","decl":{"start":{"line":69,"column":16},"end":{"line":69,"column":17}},"loc":{"start":{"line":69,"column":22},"end":{"line":69,"column":42}},"line":69}},"branchMap":{},"s":{"0":0,"1":2,"2":2,"3":2,"4":1,"5":2,"6":1,"7":0},"f":{"0":0,"1":2,"2":1,"3":1,"4":0},"b":{},"_coverageSchema":"43e27e138ebf9cfc5966b082cf9a028302ed4184","hash":"dd6be37b99dc1ef5cc1f376bfc079f9aa80b348f"}
,"/home/kelson/Documentos/Future4/a/Semana 12/aula4/planner-boilerplate/src/containers/createNewPlan/createNewPlan.js": {"path":"/home/kelson/Documentos/Future4/a/Semana 12/aula4/planner-boilerplate/src/containers/createNewPlan/createNewPlan.js","statementMap":{"0":{"start":{"line":13,"column":8},"end":{"line":13,"column":20}},"1":{"start":{"line":15,"column":8},"end":{"line":17,"column":28}},"2":{"start":{"line":20,"column":19},"end":{"line":22,"column":5}},"3":{"start":{"line":21,"column":8},"end":{"line":21,"column":63}},"4":{"start":{"line":24,"column":20},"end":{"line":30,"column":5}},"5":{"start":{"line":25,"column":30},"end":{"line":25,"column":40}},"6":{"start":{"line":26,"column":21},"end":{"line":28,"column":21}},"7":{"start":{"line":29,"column":8},"end":{"line":29,"column":39}},"8":{"start":{"line":33,"column":8},"end":{"line":75,"column":5}},"9":{"start":{"line":78,"column":27},"end":{"line":80,"column":2}},"10":{"start":{"line":78,"column":39},"end":{"line":80,"column":1}},"11":{"start":{"line":79,"column":30},"end":{"line":79,"column":62}}},"fnMap":{"0":{"name":"(anonymous_0)","decl":{"start":{"line":12,"column":4},"end":{"line":12,"column":5}},"loc":{"start":{"line":12,"column":22},"end":{"line":18,"column":5}},"line":12},"1":{"name":"(anonymous_1)","decl":{"start":{"line":20,"column":19},"end":{"line":20,"column":20}},"loc":{"start":{"line":20,"column":30},"end":{"line":22,"column":5}},"line":20},"2":{"name":"(anonymous_2)","decl":{"start":{"line":24,"column":20},"end":{"line":24,"column":21}},"loc":{"start":{"line":24,"column":26},"end":{"line":30,"column":5}},"line":24},"3":{"name":"(anonymous_3)","decl":{"start":{"line":32,"column":4},"end":{"line":32,"column":5}},"loc":{"start":{"line":32,"column":13},"end":{"line":75,"column":6}},"line":32},"4":{"name":"(anonymous_4)","decl":{"start":{"line":78,"column":27},"end":{"line":78,"column":28}},"loc":{"start":{"line":78,"column":39},"end":{"line":80,"column":1}},"line":78},"5":{"name":"(anonymous_5)","decl":{"start":{"line":79,"column":20},"end":{"line":79,"column":21}},"loc":{"start":{"line":79,"column":30},"end":{"line":79,"column":62}},"line":79}},"branchMap":{},"s":{"0":2,"1":2,"2":2,"3":0,"4":2,"5":0,"6":0,"7":0,"8":2,"9":2,"10":1,"11":0},"f":{"0":2,"1":0,"2":0,"3":2,"4":1,"5":0},"b":{},"_coverageSchema":"43e27e138ebf9cfc5966b082cf9a028302ed4184","hash":"7c3e62c79b4f13a99571773ee1c7b5e2ac3721a5"}
,"/home/kelson/Documentos/Future4/a/Semana 12/aula4/planner-boilerplate/src/reducers/index.js": {"path":"/home/kelson/Documentos/Future4/a/Semana 12/aula4/planner-boilerplate/src/reducers/index.js","statementMap":{"0":{"start":{"line":4,"column":27},"end":{"line":6,"column":2}}},"fnMap":{},"branchMap":{},"s":{"0":1},"f":{},"b":{},"_coverageSchema":"43e27e138ebf9cfc5966b082cf9a028302ed4184","hash":"47453208b149feccbca6700f145a33a943cb1821"}
,"/home/kelson/Documentos/Future4/a/Semana 12/aula4/planner-boilerplate/src/reducers/setPlannes.js": {"path":"/home/kelson/Documentos/Future4/a/Semana 12/aula4/planner-boilerplate/src/reducers/setPlannes.js","statementMap":{"0":{"start":{"line":1,"column":21},"end":{"line":11,"column":1}},"1":{"start":{"line":13,"column":26},"end":{"line":20,"column":1}},"2":{"start":{"line":14,"column":4},"end":{"line":19,"column":5}},"3":{"start":{"line":16,"column":12},"end":{"line":16,"column":70}},"4":{"start":{"line":18,"column":12},"end":{"line":18,"column":25}}},"fnMap":{"0":{"name":"(anonymous_0)","decl":{"start":{"line":13,"column":26},"end":{"line":13,"column":27}},"loc":{"start":{"line":13,"column":60},"end":{"line":20,"column":1}},"line":13}},"branchMap":{"0":{"loc":{"start":{"line":13,"column":27},"end":{"line":13,"column":47}},"type":"default-arg","locations":[{"start":{"line":13,"column":35},"end":{"line":13,"column":47}}],"line":13},"1":{"loc":{"start":{"line":14,"column":4},"end":{"line":19,"column":5}},"type":"switch","locations":[{"start":{"line":15,"column":8},"end":{"line":16,"column":70}},{"start":{"line":17,"column":8},"end":{"line":18,"column":25}}],"line":14}},"s":{"0":1,"1":1,"2":2,"3":1,"4":1},"f":{"0":2},"b":{"0":[0],"1":[1,1]},"_coverageSchema":"43e27e138ebf9cfc5966b082cf9a028302ed4184","hash":"fa35ea2de4b99a21be9502f27f84cdea70eca416"}
,"/home/kelson/Documentos/Future4/a/Semana 12/aula4/planner-boilerplate/src/style/theme.js": {"path":"/home/kelson/Documentos/Future4/a/Semana 12/aula4/planner-boilerplate/src/style/theme.js","statementMap":{},"fnMap":{},"branchMap":{},"s":{},"f":{},"b":{},"_coverageSchema":"43e27e138ebf9cfc5966b082cf9a028302ed4184","hash":"5fa22bafa6b7b34909a61dbe7ea7419490ef5e82"}
}
