TN:
SF:/home/kelson/Documentos/Future4/a/Semana 12/aula4/planner-boilerplate/src/index.js
FNF:0
FNH:0
DA:5,0
DA:6,0
LF:2
LH:0
BRF:0
BRH:0
end_of_record
TN:
SF:/home/kelson/Documentos/Future4/a/Semana 12/aula4/planner-boilerplate/src/actions/createNewPlan.js
FN:4,(anonymous_0)
FN:4,(anonymous_1)
FNF:2
FNH:2
FNDA:2,(anonymous_0)
FNDA:2,(anonymous_1)
DA:4,3
DA:5,2
DA:7,2
DA:8,1
LF:4
LH:4
BRDA:7,0,0,1
BRDA:7,0,1,1
BRF:2
BRH:2
end_of_record
TN:
SF:/home/kelson/Documentos/Future4/a/Semana 12/aula4/planner-boilerplate/src/actions/setPlannes.js
FN:3,(anonymous_0)
FN:3,(anonymous_1)
FN:9,(anonymous_2)
FN:24,(anonymous_3)
FNF:4
FNH:4
FNDA:5,(anonymous_0)
FNDA:4,(anonymous_1)
FNDA:6,(anonymous_2)
FNDA:28,(anonymous_3)
DA:3,5
DA:4,4
DA:5,4
DA:6,2
DA:9,5
DA:10,6
DA:19,6
DA:21,6
DA:22,6
DA:24,42
DA:28,6
LF:11
LH:11
BRDA:5,0,0,2
BRDA:5,0,1,2
BRDA:9,1,0,5
BRF:3
BRH:3
end_of_record
TN:
SF:/home/kelson/Documentos/Future4/a/Semana 12/aula4/planner-boilerplate/src/containers/App/index.js
FN:15,(anonymous_0)
FN:20,(anonymous_1)
FNF:2
FNH:1
FNDA:1,(anonymous_0)
FNDA:0,(anonymous_1)
DA:11,1
DA:15,1
DA:18,1
DA:20,1
DA:21,0
LF:5
LH:4
BRDA:13,0,0,0
BRDA:13,0,1,1
BRF:2
BRH:1
end_of_record
TN:
SF:/home/kelson/Documentos/Future4/a/Semana 12/aula4/planner-boilerplate/src/containers/Planner/index.js
FN:7,(anonymous_0)
FNF:1
FNH:1
FNDA:1,(anonymous_0)
DA:8,1
LF:1
LH:1
BRF:0
BRH:0
end_of_record
TN:
SF:/home/kelson/Documentos/Future4/a/Semana 12/aula4/planner-boilerplate/src/containers/Plannes/plannes.js
FN:13,(anonymous_0)
FN:17,(anonymous_1)
FN:58,(anonymous_2)
FN:68,(anonymous_3)
FN:69,(anonymous_4)
FNF:5
FNH:3
FNDA:0,(anonymous_0)
FNDA:2,(anonymous_1)
FNDA:1,(anonymous_2)
FNDA:1,(anonymous_3)
FNDA:0,(anonymous_4)
DA:14,0
DA:25,2
DA:27,2
DA:58,2
DA:68,2
DA:69,0
LF:6
LH:4
BRF:0
BRH:0
end_of_record
TN:
SF:/home/kelson/Documentos/Future4/a/Semana 12/aula4/planner-boilerplate/src/containers/createNewPlan/createNewPlan.js
FN:12,(anonymous_0)
FN:20,(anonymous_1)
FN:24,(anonymous_2)
FN:32,(anonymous_3)
FN:78,(anonymous_4)
FN:79,(anonymous_5)
FNF:6
FNH:3
FNDA:2,(anonymous_0)
FNDA:0,(anonymous_1)
FNDA:0,(anonymous_2)
FNDA:2,(anonymous_3)
FNDA:1,(anonymous_4)
FNDA:0,(anonymous_5)
DA:13,2
DA:15,2
DA:20,2
DA:21,0
DA:24,2
DA:25,0
DA:26,0
DA:29,0
DA:33,2
DA:78,2
DA:79,0
LF:11
LH:6
BRF:0
BRH:0
end_of_record
TN:
SF:/home/kelson/Documentos/Future4/a/Semana 12/aula4/planner-boilerplate/src/reducers/index.js
FNF:0
FNH:0
DA:4,1
LF:1
LH:1
BRF:0
BRH:0
end_of_record
TN:
SF:/home/kelson/Documentos/Future4/a/Semana 12/aula4/planner-boilerplate/src/reducers/setPlannes.js
FN:13,(anonymous_0)
FNF:1
FNH:1
FNDA:2,(anonymous_0)
DA:1,1
DA:13,1
DA:14,2
DA:16,1
DA:18,1
LF:5
LH:5
BRDA:13,0,0,0
BRDA:14,1,0,1
BRDA:14,1,1,1
BRF:3
BRH:2
end_of_record
TN:
SF:/home/kelson/Documentos/Future4/a/Semana 12/aula4/planner-boilerplate/src/style/theme.js
FNF:0
FNH:0
LF:0
LH:0
BRF:0
BRH:0
end_of_record
